{"C:\\Users\\Wayne\\OneDrive\\Desktop\\MERN Stack assignments\\week-6-test-debug-assignment-WayneChibeu\\server\\models\\Post.js": {"path":"C:\\Users\\Wayne\\OneDrive\\Desktop\\MERN Stack assignments\\week-6-test-debug-assignment-WayneChibeu\\server\\models\\Post.js","statementMap":{"0":{"start":{"line":2,"column":17},"end":{"line":2,"column":36}},"1":{"start":{"line":4,"column":19},"end":{"line":9,"column":24}},"2":{"start":{"line":11,"column":13},"end":{"line":11,"column":47}},"3":{"start":{"line":12,"column":0},"end":{"line":12,"column":22}}},"fnMap":{},"branchMap":{},"s":{"0":1,"1":1,"2":1,"3":1},"f":{},"b":{},"_coverageSchema":"1a1c01bbd47fc00a2c39e90264f33305004495a9","hash":"d1d2cfaa9feb4330ade1d58992e6462277034ee2"}
,"C:\\Users\\Wayne\\OneDrive\\Desktop\\MERN Stack assignments\\week-6-test-debug-assignment-WayneChibeu\\server\\models\\User.js": {"path":"C:\\Users\\Wayne\\OneDrive\\Desktop\\MERN Stack assignments\\week-6-test-debug-assignment-WayneChibeu\\server\\models\\User.js","statementMap":{"0":{"start":{"line":2,"column":17},"end":{"line":2,"column":36}},"1":{"start":{"line":4,"column":19},"end":{"line":7,"column":2}},"2":{"start":{"line":9,"column":13},"end":{"line":9,"column":47}},"3":{"start":{"line":10,"column":0},"end":{"line":10,"column":22}}},"fnMap":{},"branchMap":{},"s":{"0":1,"1":1,"2":1,"3":1},"f":{},"b":{},"_coverageSchema":"1a1c01bbd47fc00a2c39e90264f33305004495a9","hash":"0b6d45816139e0daf5cd856d2bb95aa57cf67823"}
,"C:\\Users\\Wayne\\OneDrive\\Desktop\\MERN Stack assignments\\week-6-test-debug-assignment-WayneChibeu\\server\\utils\\auth.js": {"path":"C:\\Users\\Wayne\\OneDrive\\Desktop\\MERN Stack assignments\\week-6-test-debug-assignment-WayneChibeu\\server\\utils\\auth.js","statementMap":{"0":{"start":{"line":2,"column":12},"end":{"line":2,"column":35}},"1":{"start":{"line":4,"column":22},"end":{"line":6,"column":1}},"2":{"start":{"line":5,"column":4},"end":{"line":5,"column":129}},"3":{"start":{"line":8,"column":0},"end":{"line":10,"column":2}}},"fnMap":{"0":{"name":"(anonymous_0)","decl":{"start":{"line":4,"column":22},"end":{"line":4,"column":23}},"loc":{"start":{"line":4,"column":32},"end":{"line":6,"column":1}},"line":4}},"branchMap":{"0":{"loc":{"start":{"line":5,"column":63},"end":{"line":5,"column":106}},"type":"binary-expr","locations":[{"start":{"line":5,"column":63},"end":{"line":5,"column":85}},{"start":{"line":5,"column":89},"end":{"line":5,"column":106}}],"line":5}},"s":{"0":1,"1":1,"2":0,"3":1},"f":{"0":0},"b":{"0":[0,0]},"_coverageSchema":"1a1c01bbd47fc00a2c39e90264f33305004495a9","hash":"4dbeb40a237306d1cc47759e52a5fd9b05c62543"}
}
