<?xml version="1.0" encoding="UTF-8"?>
<coverage generated="1752237279655" clover="3.2.0">
  <project timestamp="1752237279656" name="All files">
    <metrics statements="2" coveredstatements="2" conditionals="6" coveredconditionals="6" methods="1" coveredmethods="1" elements="9" coveredelements="9" complexity="0" loc="2" ncloc="2" packages="1" files="1" classes="1"/>
    <file name="Button.jsx" path="C:\Users\Wayne\OneDrive\Desktop\MERN Stack assignments\week-6-test-debug-assignment-WayneChibeu\client\src\components\Button.jsx">
      <metrics statements="2" coveredstatements="2" conditionals="6" coveredconditionals="6" methods="1" coveredmethods="1"/>
      <line num="12" count="12" type="stmt"/>
      <line num="21" count="12" type="stmt"/>
    </file>
  </project>
</coverage>
