{"C:\\Users\\Wayne\\OneDrive\\Desktop\\MERN Stack assignments\\week-6-test-debug-assignment-WayneChibeu\\client\\src\\components\\Button.jsx": {"path":"C:\\Users\\Wayne\\OneDrive\\Desktop\\MERN Stack assignments\\week-6-test-debug-assignment-WayneChibeu\\client\\src\\components\\Button.jsx","statementMap":{"0":{"start":{"line":12,"column":18},"end":{"line":19,"column":14}},"1":{"start":{"line":21,"column":2},"end":{"line":29,"column":4}}},"fnMap":{"0":{"name":"Button","decl":{"start":{"line":3,"column":24},"end":{"line":3,"column":30}},"loc":{"start":{"line":10,"column":3},"end":{"line":30,"column":1}},"line":10}},"branchMap":{"0":{"loc":{"start":{"line":5,"column":2},"end":{"line":5,"column":21}},"type":"default-arg","locations":[{"start":{"line":5,"column":12},"end":{"line":5,"column":21}}],"line":5},"1":{"loc":{"start":{"line":6,"column":2},"end":{"line":6,"column":13}},"type":"default-arg","locations":[{"start":{"line":6,"column":9},"end":{"line":6,"column":13}}],"line":6},"2":{"loc":{"start":{"line":7,"column":2},"end":{"line":7,"column":18}},"type":"default-arg","locations":[{"start":{"line":7,"column":13},"end":{"line":7,"column":18}}],"line":7},"3":{"loc":{"start":{"line":8,"column":2},"end":{"line":8,"column":16}},"type":"default-arg","locations":[{"start":{"line":8,"column":14},"end":{"line":8,"column":16}}],"line":8},"4":{"loc":{"start":{"line":15,"column":4},"end":{"line":15,"column":34}},"type":"cond-expr","locations":[{"start":{"line":15,"column":15},"end":{"line":15,"column":29}},{"start":{"line":15,"column":32},"end":{"line":15,"column":34}}],"line":15}},"s":{"0":12,"1":12},"f":{"0":12},"b":{"0":[9],"1":[9],"2":[10],"3":[11],"4":[2,10]},"_coverageSchema":"1a1c01bbd47fc00a2c39e90264f33305004495a9","hash":"22fd1896b1f8276538d04f39989ddd2200076499"}
}
